[2024-08-27 17:11:31] production.ERROR: No application encryption key has been specified. {"exception":"[object] (Illuminate\\Encryption\\MissingAppKeyException(code: 0): No application encryption key has been specified. at C:\\Users\\edgar\\PhpstormProjects\\simple-blog\\vendor\\laravel\\framework\\src\\Illuminate\\Encryption\\EncryptionServiceProvider.php:83)
[stacktrace]
#0 C:\\Users\\edgar\\PhpstormProjects\\simple-blog\\vendor\\laravel\\framework\\src\\Illuminate\\Support\\helpers.php(380): Illuminate\\Encryption\\EncryptionServiceProvider->Illuminate\\Encryption\\{closure}()
#1 C:\\Users\\edgar\\PhpstormProjects\\simple-blog\\vendor\\laravel\\framework\\src\\Illuminate\\Encryption\\EncryptionServiceProvider.php(81): tap()
#2 C:\\Users\\edgar\\PhpstormProjects\\simple-blog\\vendor\\laravel\\framework\\src\\Illuminate\\Encryption\\EncryptionServiceProvider.php(64): Illuminate\\Encryption\\EncryptionServiceProvider->key()
#3 C:\\Users\\edgar\\PhpstormProjects\\simple-blog\\vendor\\laravel\\framework\\src\\Illuminate\\Encryption\\EncryptionServiceProvider.php(32): Illuminate\\Encryption\\EncryptionServiceProvider->parseKey()
#4 C:\\Users\\edgar\\PhpstormProjects\\simple-blog\\vendor\\laravel\\framework\\src\\Illuminate\\Container\\Container.php(931): Illuminate\\Encryption\\EncryptionServiceProvider->Illuminate\\Encryption\\{closure}()
#5 C:\\Users\\edgar\\PhpstormProjects\\simple-blog\\vendor\\laravel\\framework\\src\\Illuminate\\Container\\Container.php(815): Illuminate\\Container\\Container->build()
#6 C:\\Users\\edgar\\PhpstormProjects\\simple-blog\\vendor\\laravel\\framework\\src\\Illuminate\\Foundation\\Application.php(1046): Illuminate\\Container\\Container->resolve()
#7 C:\\Users\\edgar\\PhpstormProjects\\simple-blog\\vendor\\laravel\\framework\\src\\Illuminate\\Container\\Container.php(751): Illuminate\\Foundation\\Application->resolve()
#8 C:\\Users\\edgar\\PhpstormProjects\\simple-blog\\vendor\\laravel\\framework\\src\\Illuminate\\Foundation\\Application.php(1028): Illuminate\\Container\\Container->make()
#9 C:\\Users\\edgar\\PhpstormProjects\\simple-blog\\vendor\\laravel\\framework\\src\\Illuminate\\Container\\Container.php(1108): Illuminate\\Foundation\\Application->make()
#10 C:\\Users\\edgar\\PhpstormProjects\\simple-blog\\vendor\\laravel\\framework\\src\\Illuminate\\Container\\Container.php(1022): Illuminate\\Container\\Container->resolveClass()
#11 C:\\Users\\edgar\\PhpstormProjects\\simple-blog\\vendor\\laravel\\framework\\src\\Illuminate\\Container\\Container.php(973): Illuminate\\Container\\Container->resolveDependencies()
#12 C:\\Users\\edgar\\PhpstormProjects\\simple-blog\\vendor\\laravel\\framework\\src\\Illuminate\\Container\\Container.php(815): Illuminate\\Container\\Container->build()
#13 C:\\Users\\edgar\\PhpstormProjects\\simple-blog\\vendor\\laravel\\framework\\src\\Illuminate\\Foundation\\Application.php(1046): Illuminate\\Container\\Container->resolve()
#14 C:\\Users\\edgar\\PhpstormProjects\\simple-blog\\vendor\\laravel\\framework\\src\\Illuminate\\Container\\Container.php(751): Illuminate\\Foundation\\Application->resolve()
#15 C:\\Users\\edgar\\PhpstormProjects\\simple-blog\\vendor\\laravel\\framework\\src\\Illuminate\\Foundation\\Application.php(1028): Illuminate\\Container\\Container->make()
#16 C:\\Users\\edgar\\PhpstormProjects\\simple-blog\\vendor\\laravel\\framework\\src\\Illuminate\\Pipeline\\Pipeline.php(172): Illuminate\\Foundation\\Application->make()
#17 C:\\Users\\edgar\\PhpstormProjects\\simple-blog\\vendor\\laravel\\framework\\src\\Illuminate\\Pipeline\\Pipeline.php(119): Illuminate\\Pipeline\\Pipeline->Illuminate\\Pipeline\\{closure}()
#18 C:\\Users\\edgar\\PhpstormProjects\\simple-blog\\vendor\\laravel\\framework\\src\\Illuminate\\Routing\\Router.php(807): Illuminate\\Pipeline\\Pipeline->then()
#19 C:\\Users\\edgar\\PhpstormProjects\\simple-blog\\vendor\\laravel\\framework\\src\\Illuminate\\Routing\\Router.php(786): Illuminate\\Routing\\Router->runRouteWithinStack()
#20 C:\\Users\\edgar\\PhpstormProjects\\simple-blog\\vendor\\laravel\\framework\\src\\Illuminate\\Routing\\Router.php(750): Illuminate\\Routing\\Router->runRoute()
#21 C:\\Users\\edgar\\PhpstormProjects\\simple-blog\\vendor\\laravel\\framework\\src\\Illuminate\\Routing\\Router.php(739): Illuminate\\Routing\\Router->dispatchToRoute()
#22 C:\\Users\\edgar\\PhpstormProjects\\simple-blog\\vendor\\laravel\\framework\\src\\Illuminate\\Foundation\\Http\\Kernel.php(201): Illuminate\\Routing\\Router->dispatch()
#23 C:\\Users\\edgar\\PhpstormProjects\\simple-blog\\vendor\\laravel\\framework\\src\\Illuminate\\Pipeline\\Pipeline.php(144): Illuminate\\Foundation\\Http\\Kernel->Illuminate\\Foundation\\Http\\{closure}()
#24 C:\\Users\\edgar\\PhpstormProjects\\simple-blog\\vendor\\laravel\\framework\\src\\Illuminate\\Foundation\\Http\\Middleware\\TransformsRequest.php(21): Illuminate\\Pipeline\\Pipeline->Illuminate\\Pipeline\\{closure}()
#25 C:\\Users\\edgar\\PhpstormProjects\\simple-blog\\vendor\\laravel\\framework\\src\\Illuminate\\Foundation\\Http\\Middleware\\ConvertEmptyStringsToNull.php(31): Illuminate\\Foundation\\Http\\Middleware\\TransformsRequest->handle()
#26 C:\\Users\\edgar\\PhpstormProjects\\simple-blog\\vendor\\laravel\\framework\\src\\Illuminate\\Pipeline\\Pipeline.php(183): Illuminate\\Foundation\\Http\\Middleware\\ConvertEmptyStringsToNull->handle()
#27 C:\\Users\\edgar\\PhpstormProjects\\simple-blog\\vendor\\laravel\\framework\\src\\Illuminate\\Foundation\\Http\\Middleware\\TransformsRequest.php(21): Illuminate\\Pipeline\\Pipeline->Illuminate\\Pipeline\\{closure}()
#28 C:\\Users\\edgar\\PhpstormProjects\\simple-blog\\vendor\\laravel\\framework\\src\\Illuminate\\Foundation\\Http\\Middleware\\TrimStrings.php(51): Illuminate\\Foundation\\Http\\Middleware\\TransformsRequest->handle()
#29 C:\\Users\\edgar\\PhpstormProjects\\simple-blog\\vendor\\laravel\\framework\\src\\Illuminate\\Pipeline\\Pipeline.php(183): Illuminate\\Foundation\\Http\\Middleware\\TrimStrings->handle()
#30 C:\\Users\\edgar\\PhpstormProjects\\simple-blog\\vendor\\laravel\\framework\\src\\Illuminate\\Http\\Middleware\\ValidatePostSize.php(27): Illuminate\\Pipeline\\Pipeline->Illuminate\\Pipeline\\{closure}()
#31 C:\\Users\\edgar\\PhpstormProjects\\simple-blog\\vendor\\laravel\\framework\\src\\Illuminate\\Pipeline\\Pipeline.php(183): Illuminate\\Http\\Middleware\\ValidatePostSize->handle()
#32 C:\\Users\\edgar\\PhpstormProjects\\simple-blog\\vendor\\laravel\\framework\\src\\Illuminate\\Foundation\\Http\\Middleware\\PreventRequestsDuringMaintenance.php(110): Illuminate\\Pipeline\\Pipeline->Illuminate\\Pipeline\\{closure}()
#33 C:\\Users\\edgar\\PhpstormProjects\\simple-blog\\vendor\\laravel\\framework\\src\\Illuminate\\Pipeline\\Pipeline.php(183): Illuminate\\Foundation\\Http\\Middleware\\PreventRequestsDuringMaintenance->handle()
#34 C:\\Users\\edgar\\PhpstormProjects\\simple-blog\\vendor\\laravel\\framework\\src\\Illuminate\\Http\\Middleware\\HandleCors.php(49): Illuminate\\Pipeline\\Pipeline->Illuminate\\Pipeline\\{closure}()
#35 C:\\Users\\edgar\\PhpstormProjects\\simple-blog\\vendor\\laravel\\framework\\src\\Illuminate\\Pipeline\\Pipeline.php(183): Illuminate\\Http\\Middleware\\HandleCors->handle()
#36 C:\\Users\\edgar\\PhpstormProjects\\simple-blog\\vendor\\laravel\\framework\\src\\Illuminate\\Http\\Middleware\\TrustProxies.php(57): Illuminate\\Pipeline\\Pipeline->Illuminate\\Pipeline\\{closure}()
#37 C:\\Users\\edgar\\PhpstormProjects\\simple-blog\\vendor\\laravel\\framework\\src\\Illuminate\\Pipeline\\Pipeline.php(183): Illuminate\\Http\\Middleware\\TrustProxies->handle()
#38 C:\\Users\\edgar\\PhpstormProjects\\simple-blog\\vendor\\laravel\\framework\\src\\Illuminate\\Pipeline\\Pipeline.php(119): Illuminate\\Pipeline\\Pipeline->Illuminate\\Pipeline\\{closure}()
#39 C:\\Users\\edgar\\PhpstormProjects\\simple-blog\\vendor\\laravel\\framework\\src\\Illuminate\\Foundation\\Http\\Kernel.php(176): Illuminate\\Pipeline\\Pipeline->then()
#40 C:\\Users\\edgar\\PhpstormProjects\\simple-blog\\vendor\\laravel\\framework\\src\\Illuminate\\Foundation\\Http\\Kernel.php(145): Illuminate\\Foundation\\Http\\Kernel->sendRequestThroughRouter()
#41 C:\\Users\\edgar\\PhpstormProjects\\simple-blog\\vendor\\laravel\\framework\\src\\Illuminate\\Foundation\\Application.php(1188): Illuminate\\Foundation\\Http\\Kernel->handle()
#42 C:\\Users\\edgar\\PhpstormProjects\\simple-blog\\public\\index.php(17): Illuminate\\Foundation\\Application->handleRequest()
#43 C:\\Users\\edgar\\PhpstormProjects\\simple-blog\\vendor\\laravel\\framework\\src\\Illuminate\\Foundation\\resources\\server.php(23): require_once('...')
#44 {main}
"} 
[2024-08-27 17:11:31] production.ERROR: Please provide a valid cache path. {"exception":"[object] (InvalidArgumentException(code: 0): Please provide a valid cache path. at C:\\Users\\edgar\\PhpstormProjects\\simple-blog\\vendor\\laravel\\framework\\src\\Illuminate\\View\\Compilers\\Compiler.php:67)
[stacktrace]
#0 C:\\Users\\edgar\\PhpstormProjects\\simple-blog\\vendor\\laravel\\framework\\src\\Illuminate\\View\\ViewServiceProvider.php(97): Illuminate\\View\\Compilers\\Compiler->__construct()
#1 C:\\Users\\edgar\\PhpstormProjects\\simple-blog\\vendor\\laravel\\framework\\src\\Illuminate\\Container\\Container.php(931): Illuminate\\View\\ViewServiceProvider->Illuminate\\View\\{closure}()
#2 C:\\Users\\edgar\\PhpstormProjects\\simple-blog\\vendor\\laravel\\framework\\src\\Illuminate\\Container\\Container.php(815): Illuminate\\Container\\Container->build()
#3 C:\\Users\\edgar\\PhpstormProjects\\simple-blog\\vendor\\laravel\\framework\\src\\Illuminate\\Foundation\\Application.php(1046): Illuminate\\Container\\Container->resolve()
#4 C:\\Users\\edgar\\PhpstormProjects\\simple-blog\\vendor\\laravel\\framework\\src\\Illuminate\\Container\\Container.php(751): Illuminate\\Foundation\\Application->resolve()
#5 C:\\Users\\edgar\\PhpstormProjects\\simple-blog\\vendor\\laravel\\framework\\src\\Illuminate\\Foundation\\Application.php(1028): Illuminate\\Container\\Container->make()
#6 C:\\Users\\edgar\\PhpstormProjects\\simple-blog\\vendor\\laravel\\framework\\src\\Illuminate\\View\\ViewServiceProvider.php(168): Illuminate\\Foundation\\Application->make()
#7 [internal function]: Illuminate\\View\\ViewServiceProvider->Illuminate\\View\\{closure}()
#8 C:\\Users\\edgar\\PhpstormProjects\\simple-blog\\vendor\\laravel\\framework\\src\\Illuminate\\View\\Engines\\EngineResolver.php(55): call_user_func()
#9 C:\\Users\\edgar\\PhpstormProjects\\simple-blog\\vendor\\laravel\\framework\\src\\Illuminate\\View\\Factory.php(326): Illuminate\\View\\Engines\\EngineResolver->resolve()
#10 C:\\Users\\edgar\\PhpstormProjects\\simple-blog\\vendor\\laravel\\framework\\src\\Illuminate\\View\\Factory.php(288): Illuminate\\View\\Factory->getEngineFromPath()
#11 C:\\Users\\edgar\\PhpstormProjects\\simple-blog\\vendor\\laravel\\framework\\src\\Illuminate\\View\\Factory.php(160): Illuminate\\View\\Factory->viewInstance()
#12 C:\\Users\\edgar\\PhpstormProjects\\simple-blog\\vendor\\laravel\\framework\\src\\Illuminate\\Routing\\ResponseFactory.php(88): Illuminate\\View\\Factory->make()
#13 C:\\Users\\edgar\\PhpstormProjects\\simple-blog\\vendor\\laravel\\framework\\src\\Illuminate\\Foundation\\Exceptions\\Handler.php(891): Illuminate\\Routing\\ResponseFactory->view()
#14 C:\\Users\\edgar\\PhpstormProjects\\simple-blog\\vendor\\laravel\\framework\\src\\Illuminate\\Foundation\\Exceptions\\Handler.php(812): Illuminate\\Foundation\\Exceptions\\Handler->renderHttpException()
#15 C:\\Users\\edgar\\PhpstormProjects\\simple-blog\\vendor\\laravel\\framework\\src\\Illuminate\\Foundation\\Exceptions\\Handler.php(703): Illuminate\\Foundation\\Exceptions\\Handler->prepareResponse()
#16 C:\\Users\\edgar\\PhpstormProjects\\simple-blog\\vendor\\laravel\\framework\\src\\Illuminate\\Foundation\\Exceptions\\Handler.php(592): Illuminate\\Foundation\\Exceptions\\Handler->renderExceptionResponse()
#17 C:\\Users\\edgar\\PhpstormProjects\\simple-blog\\vendor\\laravel\\framework\\src\\Illuminate\\Routing\\Pipeline.php(51): Illuminate\\Foundation\\Exceptions\\Handler->render()
#18 C:\\Users\\edgar\\PhpstormProjects\\simple-blog\\vendor\\laravel\\framework\\src\\Illuminate\\Pipeline\\Pipeline.php(188): Illuminate\\Routing\\Pipeline->handleException()
#19 C:\\Users\\edgar\\PhpstormProjects\\simple-blog\\vendor\\laravel\\framework\\src\\Illuminate\\Pipeline\\Pipeline.php(119): Illuminate\\Pipeline\\Pipeline->Illuminate\\Pipeline\\{closure}()
#20 C:\\Users\\edgar\\PhpstormProjects\\simple-blog\\vendor\\laravel\\framework\\src\\Illuminate\\Routing\\Router.php(807): Illuminate\\Pipeline\\Pipeline->then()
#21 C:\\Users\\edgar\\PhpstormProjects\\simple-blog\\vendor\\laravel\\framework\\src\\Illuminate\\Routing\\Router.php(786): Illuminate\\Routing\\Router->runRouteWithinStack()
#22 C:\\Users\\edgar\\PhpstormProjects\\simple-blog\\vendor\\laravel\\framework\\src\\Illuminate\\Routing\\Router.php(750): Illuminate\\Routing\\Router->runRoute()
#23 C:\\Users\\edgar\\PhpstormProjects\\simple-blog\\vendor\\laravel\\framework\\src\\Illuminate\\Routing\\Router.php(739): Illuminate\\Routing\\Router->dispatchToRoute()
#24 C:\\Users\\edgar\\PhpstormProjects\\simple-blog\\vendor\\laravel\\framework\\src\\Illuminate\\Foundation\\Http\\Kernel.php(201): Illuminate\\Routing\\Router->dispatch()
#25 C:\\Users\\edgar\\PhpstormProjects\\simple-blog\\vendor\\laravel\\framework\\src\\Illuminate\\Pipeline\\Pipeline.php(144): Illuminate\\Foundation\\Http\\Kernel->Illuminate\\Foundation\\Http\\{closure}()
#26 C:\\Users\\edgar\\PhpstormProjects\\simple-blog\\vendor\\laravel\\framework\\src\\Illuminate\\Foundation\\Http\\Middleware\\TransformsRequest.php(21): Illuminate\\Pipeline\\Pipeline->Illuminate\\Pipeline\\{closure}()
#27 C:\\Users\\edgar\\PhpstormProjects\\simple-blog\\vendor\\laravel\\framework\\src\\Illuminate\\Foundation\\Http\\Middleware\\ConvertEmptyStringsToNull.php(31): Illuminate\\Foundation\\Http\\Middleware\\TransformsRequest->handle()
#28 C:\\Users\\edgar\\PhpstormProjects\\simple-blog\\vendor\\laravel\\framework\\src\\Illuminate\\Pipeline\\Pipeline.php(183): Illuminate\\Foundation\\Http\\Middleware\\ConvertEmptyStringsToNull->handle()
#29 C:\\Users\\edgar\\PhpstormProjects\\simple-blog\\vendor\\laravel\\framework\\src\\Illuminate\\Foundation\\Http\\Middleware\\TransformsRequest.php(21): Illuminate\\Pipeline\\Pipeline->Illuminate\\Pipeline\\{closure}()
#30 C:\\Users\\edgar\\PhpstormProjects\\simple-blog\\vendor\\laravel\\framework\\src\\Illuminate\\Foundation\\Http\\Middleware\\TrimStrings.php(51): Illuminate\\Foundation\\Http\\Middleware\\TransformsRequest->handle()
#31 C:\\Users\\edgar\\PhpstormProjects\\simple-blog\\vendor\\laravel\\framework\\src\\Illuminate\\Pipeline\\Pipeline.php(183): Illuminate\\Foundation\\Http\\Middleware\\TrimStrings->handle()
#32 C:\\Users\\edgar\\PhpstormProjects\\simple-blog\\vendor\\laravel\\framework\\src\\Illuminate\\Http\\Middleware\\ValidatePostSize.php(27): Illuminate\\Pipeline\\Pipeline->Illuminate\\Pipeline\\{closure}()
#33 C:\\Users\\edgar\\PhpstormProjects\\simple-blog\\vendor\\laravel\\framework\\src\\Illuminate\\Pipeline\\Pipeline.php(183): Illuminate\\Http\\Middleware\\ValidatePostSize->handle()
#34 C:\\Users\\edgar\\PhpstormProjects\\simple-blog\\vendor\\laravel\\framework\\src\\Illuminate\\Foundation\\Http\\Middleware\\PreventRequestsDuringMaintenance.php(110): Illuminate\\Pipeline\\Pipeline->Illuminate\\Pipeline\\{closure}()
#35 C:\\Users\\edgar\\PhpstormProjects\\simple-blog\\vendor\\laravel\\framework\\src\\Illuminate\\Pipeline\\Pipeline.php(183): Illuminate\\Foundation\\Http\\Middleware\\PreventRequestsDuringMaintenance->handle()
#36 C:\\Users\\edgar\\PhpstormProjects\\simple-blog\\vendor\\laravel\\framework\\src\\Illuminate\\Http\\Middleware\\HandleCors.php(49): Illuminate\\Pipeline\\Pipeline->Illuminate\\Pipeline\\{closure}()
#37 C:\\Users\\edgar\\PhpstormProjects\\simple-blog\\vendor\\laravel\\framework\\src\\Illuminate\\Pipeline\\Pipeline.php(183): Illuminate\\Http\\Middleware\\HandleCors->handle()
#38 C:\\Users\\edgar\\PhpstormProjects\\simple-blog\\vendor\\laravel\\framework\\src\\Illuminate\\Http\\Middleware\\TrustProxies.php(57): Illuminate\\Pipeline\\Pipeline->Illuminate\\Pipeline\\{closure}()
#39 C:\\Users\\edgar\\PhpstormProjects\\simple-blog\\vendor\\laravel\\framework\\src\\Illuminate\\Pipeline\\Pipeline.php(183): Illuminate\\Http\\Middleware\\TrustProxies->handle()
#40 C:\\Users\\edgar\\PhpstormProjects\\simple-blog\\vendor\\laravel\\framework\\src\\Illuminate\\Pipeline\\Pipeline.php(119): Illuminate\\Pipeline\\Pipeline->Illuminate\\Pipeline\\{closure}()
#41 C:\\Users\\edgar\\PhpstormProjects\\simple-blog\\vendor\\laravel\\framework\\src\\Illuminate\\Foundation\\Http\\Kernel.php(176): Illuminate\\Pipeline\\Pipeline->then()
#42 C:\\Users\\edgar\\PhpstormProjects\\simple-blog\\vendor\\laravel\\framework\\src\\Illuminate\\Foundation\\Http\\Kernel.php(145): Illuminate\\Foundation\\Http\\Kernel->sendRequestThroughRouter()
#43 C:\\Users\\edgar\\PhpstormProjects\\simple-blog\\vendor\\laravel\\framework\\src\\Illuminate\\Foundation\\Application.php(1188): Illuminate\\Foundation\\Http\\Kernel->handle()
#44 C:\\Users\\edgar\\PhpstormProjects\\simple-blog\\public\\index.php(17): Illuminate\\Foundation\\Application->handleRequest()
#45 C:\\Users\\edgar\\PhpstormProjects\\simple-blog\\vendor\\laravel\\framework\\src\\Illuminate\\Foundation\\resources\\server.php(23): require_once('...')
#46 {main}
"} 
[2024-08-27 17:11:31] production.ERROR: No application encryption key has been specified. {"exception":"[object] (Illuminate\\Encryption\\MissingAppKeyException(code: 0): No application encryption key has been specified. at C:\\Users\\edgar\\PhpstormProjects\\simple-blog\\vendor\\laravel\\framework\\src\\Illuminate\\Encryption\\EncryptionServiceProvider.php:83)
[stacktrace]
#0 C:\\Users\\edgar\\PhpstormProjects\\simple-blog\\vendor\\laravel\\framework\\src\\Illuminate\\Support\\helpers.php(380): Illuminate\\Encryption\\EncryptionServiceProvider->Illuminate\\Encryption\\{closure}()
#1 C:\\Users\\edgar\\PhpstormProjects\\simple-blog\\vendor\\laravel\\framework\\src\\Illuminate\\Encryption\\EncryptionServiceProvider.php(81): tap()
#2 C:\\Users\\edgar\\PhpstormProjects\\simple-blog\\vendor\\laravel\\framework\\src\\Illuminate\\Encryption\\EncryptionServiceProvider.php(64): Illuminate\\Encryption\\EncryptionServiceProvider->key()
#3 C:\\Users\\edgar\\PhpstormProjects\\simple-blog\\vendor\\laravel\\framework\\src\\Illuminate\\Encryption\\EncryptionServiceProvider.php(32): Illuminate\\Encryption\\EncryptionServiceProvider->parseKey()
#4 C:\\Users\\edgar\\PhpstormProjects\\simple-blog\\vendor\\laravel\\framework\\src\\Illuminate\\Container\\Container.php(931): Illuminate\\Encryption\\EncryptionServiceProvider->Illuminate\\Encryption\\{closure}()
#5 C:\\Users\\edgar\\PhpstormProjects\\simple-blog\\vendor\\laravel\\framework\\src\\Illuminate\\Container\\Container.php(815): Illuminate\\Container\\Container->build()
#6 C:\\Users\\edgar\\PhpstormProjects\\simple-blog\\vendor\\laravel\\framework\\src\\Illuminate\\Foundation\\Application.php(1046): Illuminate\\Container\\Container->resolve()
#7 C:\\Users\\edgar\\PhpstormProjects\\simple-blog\\vendor\\laravel\\framework\\src\\Illuminate\\Container\\Container.php(751): Illuminate\\Foundation\\Application->resolve()
#8 C:\\Users\\edgar\\PhpstormProjects\\simple-blog\\vendor\\laravel\\framework\\src\\Illuminate\\Foundation\\Application.php(1028): Illuminate\\Container\\Container->make()
#9 C:\\Users\\edgar\\PhpstormProjects\\simple-blog\\vendor\\laravel\\framework\\src\\Illuminate\\Container\\Container.php(1108): Illuminate\\Foundation\\Application->make()
#10 C:\\Users\\edgar\\PhpstormProjects\\simple-blog\\vendor\\laravel\\framework\\src\\Illuminate\\Container\\Container.php(1022): Illuminate\\Container\\Container->resolveClass()
#11 C:\\Users\\edgar\\PhpstormProjects\\simple-blog\\vendor\\laravel\\framework\\src\\Illuminate\\Container\\Container.php(973): Illuminate\\Container\\Container->resolveDependencies()
#12 C:\\Users\\edgar\\PhpstormProjects\\simple-blog\\vendor\\laravel\\framework\\src\\Illuminate\\Container\\Container.php(815): Illuminate\\Container\\Container->build()
#13 C:\\Users\\edgar\\PhpstormProjects\\simple-blog\\vendor\\laravel\\framework\\src\\Illuminate\\Foundation\\Application.php(1046): Illuminate\\Container\\Container->resolve()
#14 C:\\Users\\edgar\\PhpstormProjects\\simple-blog\\vendor\\laravel\\framework\\src\\Illuminate\\Container\\Container.php(751): Illuminate\\Foundation\\Application->resolve()
#15 C:\\Users\\edgar\\PhpstormProjects\\simple-blog\\vendor\\laravel\\framework\\src\\Illuminate\\Foundation\\Application.php(1028): Illuminate\\Container\\Container->make()
#16 C:\\Users\\edgar\\PhpstormProjects\\simple-blog\\vendor\\laravel\\framework\\src\\Illuminate\\Foundation\\Http\\Kernel.php(258): Illuminate\\Foundation\\Application->make()
#17 C:\\Users\\edgar\\PhpstormProjects\\simple-blog\\vendor\\laravel\\framework\\src\\Illuminate\\Foundation\\Http\\Kernel.php(216): Illuminate\\Foundation\\Http\\Kernel->terminateMiddleware()
#18 C:\\Users\\edgar\\PhpstormProjects\\simple-blog\\vendor\\laravel\\framework\\src\\Illuminate\\Foundation\\Application.php(1190): Illuminate\\Foundation\\Http\\Kernel->terminate()
#19 C:\\Users\\edgar\\PhpstormProjects\\simple-blog\\public\\index.php(17): Illuminate\\Foundation\\Application->handleRequest()
#20 C:\\Users\\edgar\\PhpstormProjects\\simple-blog\\vendor\\laravel\\framework\\src\\Illuminate\\Foundation\\resources\\server.php(23): require_once('...')
#21 {main}
"} 
[2024-08-27 17:11:31] production.ERROR: Please provide a valid cache path. {"exception":"[object] (InvalidArgumentException(code: 0): Please provide a valid cache path. at C:\\Users\\edgar\\PhpstormProjects\\simple-blog\\vendor\\laravel\\framework\\src\\Illuminate\\View\\Compilers\\Compiler.php:67)
[stacktrace]
#0 C:\\Users\\edgar\\PhpstormProjects\\simple-blog\\vendor\\laravel\\framework\\src\\Illuminate\\View\\ViewServiceProvider.php(97): Illuminate\\View\\Compilers\\Compiler->__construct()
#1 C:\\Users\\edgar\\PhpstormProjects\\simple-blog\\vendor\\laravel\\framework\\src\\Illuminate\\Container\\Container.php(931): Illuminate\\View\\ViewServiceProvider->Illuminate\\View\\{closure}()
#2 C:\\Users\\edgar\\PhpstormProjects\\simple-blog\\vendor\\laravel\\framework\\src\\Illuminate\\Container\\Container.php(815): Illuminate\\Container\\Container->build()
#3 C:\\Users\\edgar\\PhpstormProjects\\simple-blog\\vendor\\laravel\\framework\\src\\Illuminate\\Foundation\\Application.php(1046): Illuminate\\Container\\Container->resolve()
#4 C:\\Users\\edgar\\PhpstormProjects\\simple-blog\\vendor\\laravel\\framework\\src\\Illuminate\\Container\\Container.php(751): Illuminate\\Foundation\\Application->resolve()
#5 C:\\Users\\edgar\\PhpstormProjects\\simple-blog\\vendor\\laravel\\framework\\src\\Illuminate\\Foundation\\Application.php(1028): Illuminate\\Container\\Container->make()
#6 C:\\Users\\edgar\\PhpstormProjects\\simple-blog\\vendor\\laravel\\framework\\src\\Illuminate\\View\\ViewServiceProvider.php(168): Illuminate\\Foundation\\Application->make()
#7 [internal function]: Illuminate\\View\\ViewServiceProvider->Illuminate\\View\\{closure}()
#8 C:\\Users\\edgar\\PhpstormProjects\\simple-blog\\vendor\\laravel\\framework\\src\\Illuminate\\View\\Engines\\EngineResolver.php(55): call_user_func()
#9 C:\\Users\\edgar\\PhpstormProjects\\simple-blog\\vendor\\laravel\\framework\\src\\Illuminate\\View\\Factory.php(319): Illuminate\\View\\Engines\\EngineResolver->resolve()
#10 C:\\Users\\edgar\\PhpstormProjects\\simple-blog\\vendor\\laravel\\framework\\src\\Illuminate\\View\\Factory.php(288): Illuminate\\View\\Factory->getEngineFromPath()
#11 C:\\Users\\edgar\\PhpstormProjects\\simple-blog\\vendor\\laravel\\framework\\src\\Illuminate\\View\\Factory.php(160): Illuminate\\View\\Factory->viewInstance()
#12 C:\\Users\\edgar\\PhpstormProjects\\simple-blog\\vendor\\laravel\\framework\\src\\Illuminate\\Routing\\ResponseFactory.php(88): Illuminate\\View\\Factory->make()
#13 C:\\Users\\edgar\\PhpstormProjects\\simple-blog\\vendor\\laravel\\framework\\src\\Illuminate\\Foundation\\Exceptions\\Handler.php(891): Illuminate\\Routing\\ResponseFactory->view()
#14 C:\\Users\\edgar\\PhpstormProjects\\simple-blog\\vendor\\laravel\\framework\\src\\Illuminate\\Foundation\\Exceptions\\Handler.php(812): Illuminate\\Foundation\\Exceptions\\Handler->renderHttpException()
#15 C:\\Users\\edgar\\PhpstormProjects\\simple-blog\\vendor\\laravel\\framework\\src\\Illuminate\\Foundation\\Exceptions\\Handler.php(703): Illuminate\\Foundation\\Exceptions\\Handler->prepareResponse()
#16 C:\\Users\\edgar\\PhpstormProjects\\simple-blog\\vendor\\laravel\\framework\\src\\Illuminate\\Foundation\\Exceptions\\Handler.php(592): Illuminate\\Foundation\\Exceptions\\Handler->renderExceptionResponse()
#17 C:\\Users\\edgar\\PhpstormProjects\\simple-blog\\vendor\\laravel\\framework\\src\\Illuminate\\Foundation\\Bootstrap\\HandleExceptions.php(219): Illuminate\\Foundation\\Exceptions\\Handler->render()
#18 C:\\Users\\edgar\\PhpstormProjects\\simple-blog\\vendor\\laravel\\framework\\src\\Illuminate\\Foundation\\Bootstrap\\HandleExceptions.php(196): Illuminate\\Foundation\\Bootstrap\\HandleExceptions->renderHttpResponse()
#19 C:\\Users\\edgar\\PhpstormProjects\\simple-blog\\vendor\\laravel\\framework\\src\\Illuminate\\Foundation\\Bootstrap\\HandleExceptions.php(256): Illuminate\\Foundation\\Bootstrap\\HandleExceptions->handleException()
#20 [internal function]: Illuminate\\Foundation\\Bootstrap\\HandleExceptions->Illuminate\\Foundation\\Bootstrap\\{closure}()
#21 {main}
"} 
[2024-08-27 17:11:44] production.ERROR: No application encryption key has been specified. {"exception":"[object] (Illuminate\\Encryption\\MissingAppKeyException(code: 0): No application encryption key has been specified. at C:\\Users\\edgar\\PhpstormProjects\\simple-blog\\vendor\\laravel\\framework\\src\\Illuminate\\Encryption\\EncryptionServiceProvider.php:83)
[stacktrace]
#0 C:\\Users\\edgar\\PhpstormProjects\\simple-blog\\vendor\\laravel\\framework\\src\\Illuminate\\Support\\helpers.php(380): Illuminate\\Encryption\\EncryptionServiceProvider->Illuminate\\Encryption\\{closure}()
#1 C:\\Users\\edgar\\PhpstormProjects\\simple-blog\\vendor\\laravel\\framework\\src\\Illuminate\\Encryption\\EncryptionServiceProvider.php(81): tap()
#2 C:\\Users\\edgar\\PhpstormProjects\\simple-blog\\vendor\\laravel\\framework\\src\\Illuminate\\Encryption\\EncryptionServiceProvider.php(64): Illuminate\\Encryption\\EncryptionServiceProvider->key()
#3 C:\\Users\\edgar\\PhpstormProjects\\simple-blog\\vendor\\laravel\\framework\\src\\Illuminate\\Encryption\\EncryptionServiceProvider.php(32): Illuminate\\Encryption\\EncryptionServiceProvider->parseKey()
#4 C:\\Users\\edgar\\PhpstormProjects\\simple-blog\\vendor\\laravel\\framework\\src\\Illuminate\\Container\\Container.php(931): Illuminate\\Encryption\\EncryptionServiceProvider->Illuminate\\Encryption\\{closure}()
#5 C:\\Users\\edgar\\PhpstormProjects\\simple-blog\\vendor\\laravel\\framework\\src\\Illuminate\\Container\\Container.php(815): Illuminate\\Container\\Container->build()
#6 C:\\Users\\edgar\\PhpstormProjects\\simple-blog\\vendor\\laravel\\framework\\src\\Illuminate\\Foundation\\Application.php(1046): Illuminate\\Container\\Container->resolve()
#7 C:\\Users\\edgar\\PhpstormProjects\\simple-blog\\vendor\\laravel\\framework\\src\\Illuminate\\Container\\Container.php(751): Illuminate\\Foundation\\Application->resolve()
#8 C:\\Users\\edgar\\PhpstormProjects\\simple-blog\\vendor\\laravel\\framework\\src\\Illuminate\\Foundation\\Application.php(1028): Illuminate\\Container\\Container->make()
#9 C:\\Users\\edgar\\PhpstormProjects\\simple-blog\\vendor\\laravel\\framework\\src\\Illuminate\\Container\\Container.php(1108): Illuminate\\Foundation\\Application->make()
#10 C:\\Users\\edgar\\PhpstormProjects\\simple-blog\\vendor\\laravel\\framework\\src\\Illuminate\\Container\\Container.php(1022): Illuminate\\Container\\Container->resolveClass()
#11 C:\\Users\\edgar\\PhpstormProjects\\simple-blog\\vendor\\laravel\\framework\\src\\Illuminate\\Container\\Container.php(973): Illuminate\\Container\\Container->resolveDependencies()
#12 C:\\Users\\edgar\\PhpstormProjects\\simple-blog\\vendor\\laravel\\framework\\src\\Illuminate\\Container\\Container.php(815): Illuminate\\Container\\Container->build()
#13 C:\\Users\\edgar\\PhpstormProjects\\simple-blog\\vendor\\laravel\\framework\\src\\Illuminate\\Foundation\\Application.php(1046): Illuminate\\Container\\Container->resolve()
#14 C:\\Users\\edgar\\PhpstormProjects\\simple-blog\\vendor\\laravel\\framework\\src\\Illuminate\\Container\\Container.php(751): Illuminate\\Foundation\\Application->resolve()
#15 C:\\Users\\edgar\\PhpstormProjects\\simple-blog\\vendor\\laravel\\framework\\src\\Illuminate\\Foundation\\Application.php(1028): Illuminate\\Container\\Container->make()
#16 C:\\Users\\edgar\\PhpstormProjects\\simple-blog\\vendor\\laravel\\framework\\src\\Illuminate\\Pipeline\\Pipeline.php(172): Illuminate\\Foundation\\Application->make()
#17 C:\\Users\\edgar\\PhpstormProjects\\simple-blog\\vendor\\laravel\\framework\\src\\Illuminate\\Pipeline\\Pipeline.php(119): Illuminate\\Pipeline\\Pipeline->Illuminate\\Pipeline\\{closure}()
#18 C:\\Users\\edgar\\PhpstormProjects\\simple-blog\\vendor\\laravel\\framework\\src\\Illuminate\\Routing\\Router.php(807): Illuminate\\Pipeline\\Pipeline->then()
#19 C:\\Users\\edgar\\PhpstormProjects\\simple-blog\\vendor\\laravel\\framework\\src\\Illuminate\\Routing\\Router.php(786): Illuminate\\Routing\\Router->runRouteWithinStack()
#20 C:\\Users\\edgar\\PhpstormProjects\\simple-blog\\vendor\\laravel\\framework\\src\\Illuminate\\Routing\\Router.php(750): Illuminate\\Routing\\Router->runRoute()
#21 C:\\Users\\edgar\\PhpstormProjects\\simple-blog\\vendor\\laravel\\framework\\src\\Illuminate\\Routing\\Router.php(739): Illuminate\\Routing\\Router->dispatchToRoute()
#22 C:\\Users\\edgar\\PhpstormProjects\\simple-blog\\vendor\\laravel\\framework\\src\\Illuminate\\Foundation\\Http\\Kernel.php(201): Illuminate\\Routing\\Router->dispatch()
#23 C:\\Users\\edgar\\PhpstormProjects\\simple-blog\\vendor\\laravel\\framework\\src\\Illuminate\\Pipeline\\Pipeline.php(144): Illuminate\\Foundation\\Http\\Kernel->Illuminate\\Foundation\\Http\\{closure}()
#24 C:\\Users\\edgar\\PhpstormProjects\\simple-blog\\vendor\\laravel\\framework\\src\\Illuminate\\Foundation\\Http\\Middleware\\TransformsRequest.php(21): Illuminate\\Pipeline\\Pipeline->Illuminate\\Pipeline\\{closure}()
#25 C:\\Users\\edgar\\PhpstormProjects\\simple-blog\\vendor\\laravel\\framework\\src\\Illuminate\\Foundation\\Http\\Middleware\\ConvertEmptyStringsToNull.php(31): Illuminate\\Foundation\\Http\\Middleware\\TransformsRequest->handle()
#26 C:\\Users\\edgar\\PhpstormProjects\\simple-blog\\vendor\\laravel\\framework\\src\\Illuminate\\Pipeline\\Pipeline.php(183): Illuminate\\Foundation\\Http\\Middleware\\ConvertEmptyStringsToNull->handle()
#27 C:\\Users\\edgar\\PhpstormProjects\\simple-blog\\vendor\\laravel\\framework\\src\\Illuminate\\Foundation\\Http\\Middleware\\TransformsRequest.php(21): Illuminate\\Pipeline\\Pipeline->Illuminate\\Pipeline\\{closure}()
#28 C:\\Users\\edgar\\PhpstormProjects\\simple-blog\\vendor\\laravel\\framework\\src\\Illuminate\\Foundation\\Http\\Middleware\\TrimStrings.php(51): Illuminate\\Foundation\\Http\\Middleware\\TransformsRequest->handle()
#29 C:\\Users\\edgar\\PhpstormProjects\\simple-blog\\vendor\\laravel\\framework\\src\\Illuminate\\Pipeline\\Pipeline.php(183): Illuminate\\Foundation\\Http\\Middleware\\TrimStrings->handle()
#30 C:\\Users\\edgar\\PhpstormProjects\\simple-blog\\vendor\\laravel\\framework\\src\\Illuminate\\Http\\Middleware\\ValidatePostSize.php(27): Illuminate\\Pipeline\\Pipeline->Illuminate\\Pipeline\\{closure}()
#31 C:\\Users\\edgar\\PhpstormProjects\\simple-blog\\vendor\\laravel\\framework\\src\\Illuminate\\Pipeline\\Pipeline.php(183): Illuminate\\Http\\Middleware\\ValidatePostSize->handle()
#32 C:\\Users\\edgar\\PhpstormProjects\\simple-blog\\vendor\\laravel\\framework\\src\\Illuminate\\Foundation\\Http\\Middleware\\PreventRequestsDuringMaintenance.php(110): Illuminate\\Pipeline\\Pipeline->Illuminate\\Pipeline\\{closure}()
#33 C:\\Users\\edgar\\PhpstormProjects\\simple-blog\\vendor\\laravel\\framework\\src\\Illuminate\\Pipeline\\Pipeline.php(183): Illuminate\\Foundation\\Http\\Middleware\\PreventRequestsDuringMaintenance->handle()
#34 C:\\Users\\edgar\\PhpstormProjects\\simple-blog\\vendor\\laravel\\framework\\src\\Illuminate\\Http\\Middleware\\HandleCors.php(49): Illuminate\\Pipeline\\Pipeline->Illuminate\\Pipeline\\{closure}()
#35 C:\\Users\\edgar\\PhpstormProjects\\simple-blog\\vendor\\laravel\\framework\\src\\Illuminate\\Pipeline\\Pipeline.php(183): Illuminate\\Http\\Middleware\\HandleCors->handle()
#36 C:\\Users\\edgar\\PhpstormProjects\\simple-blog\\vendor\\laravel\\framework\\src\\Illuminate\\Http\\Middleware\\TrustProxies.php(57): Illuminate\\Pipeline\\Pipeline->Illuminate\\Pipeline\\{closure}()
#37 C:\\Users\\edgar\\PhpstormProjects\\simple-blog\\vendor\\laravel\\framework\\src\\Illuminate\\Pipeline\\Pipeline.php(183): Illuminate\\Http\\Middleware\\TrustProxies->handle()
#38 C:\\Users\\edgar\\PhpstormProjects\\simple-blog\\vendor\\laravel\\framework\\src\\Illuminate\\Pipeline\\Pipeline.php(119): Illuminate\\Pipeline\\Pipeline->Illuminate\\Pipeline\\{closure}()
#39 C:\\Users\\edgar\\PhpstormProjects\\simple-blog\\vendor\\laravel\\framework\\src\\Illuminate\\Foundation\\Http\\Kernel.php(176): Illuminate\\Pipeline\\Pipeline->then()
#40 C:\\Users\\edgar\\PhpstormProjects\\simple-blog\\vendor\\laravel\\framework\\src\\Illuminate\\Foundation\\Http\\Kernel.php(145): Illuminate\\Foundation\\Http\\Kernel->sendRequestThroughRouter()
#41 C:\\Users\\edgar\\PhpstormProjects\\simple-blog\\vendor\\laravel\\framework\\src\\Illuminate\\Foundation\\Application.php(1188): Illuminate\\Foundation\\Http\\Kernel->handle()
#42 C:\\Users\\edgar\\PhpstormProjects\\simple-blog\\public\\index.php(17): Illuminate\\Foundation\\Application->handleRequest()
#43 C:\\Users\\edgar\\PhpstormProjects\\simple-blog\\vendor\\laravel\\framework\\src\\Illuminate\\Foundation\\resources\\server.php(23): require_once('...')
#44 {main}
"} 
[2024-08-27 17:11:44] production.ERROR: Please provide a valid cache path. {"exception":"[object] (InvalidArgumentException(code: 0): Please provide a valid cache path. at C:\\Users\\edgar\\PhpstormProjects\\simple-blog\\vendor\\laravel\\framework\\src\\Illuminate\\View\\Compilers\\Compiler.php:67)
[stacktrace]
#0 C:\\Users\\edgar\\PhpstormProjects\\simple-blog\\vendor\\laravel\\framework\\src\\Illuminate\\View\\ViewServiceProvider.php(97): Illuminate\\View\\Compilers\\Compiler->__construct()
#1 C:\\Users\\edgar\\PhpstormProjects\\simple-blog\\vendor\\laravel\\framework\\src\\Illuminate\\Container\\Container.php(931): Illuminate\\View\\ViewServiceProvider->Illuminate\\View\\{closure}()
#2 C:\\Users\\edgar\\PhpstormProjects\\simple-blog\\vendor\\laravel\\framework\\src\\Illuminate\\Container\\Container.php(815): Illuminate\\Container\\Container->build()
#3 C:\\Users\\edgar\\PhpstormProjects\\simple-blog\\vendor\\laravel\\framework\\src\\Illuminate\\Foundation\\Application.php(1046): Illuminate\\Container\\Container->resolve()
#4 C:\\Users\\edgar\\PhpstormProjects\\simple-blog\\vendor\\laravel\\framework\\src\\Illuminate\\Container\\Container.php(751): Illuminate\\Foundation\\Application->resolve()
#5 C:\\Users\\edgar\\PhpstormProjects\\simple-blog\\vendor\\laravel\\framework\\src\\Illuminate\\Foundation\\Application.php(1028): Illuminate\\Container\\Container->make()
#6 C:\\Users\\edgar\\PhpstormProjects\\simple-blog\\vendor\\laravel\\framework\\src\\Illuminate\\View\\ViewServiceProvider.php(168): Illuminate\\Foundation\\Application->make()
#7 [internal function]: Illuminate\\View\\ViewServiceProvider->Illuminate\\View\\{closure}()
#8 C:\\Users\\edgar\\PhpstormProjects\\simple-blog\\vendor\\laravel\\framework\\src\\Illuminate\\View\\Engines\\EngineResolver.php(55): call_user_func()
#9 C:\\Users\\edgar\\PhpstormProjects\\simple-blog\\vendor\\laravel\\framework\\src\\Illuminate\\View\\Factory.php(326): Illuminate\\View\\Engines\\EngineResolver->resolve()
#10 C:\\Users\\edgar\\PhpstormProjects\\simple-blog\\vendor\\laravel\\framework\\src\\Illuminate\\View\\Factory.php(288): Illuminate\\View\\Factory->getEngineFromPath()
#11 C:\\Users\\edgar\\PhpstormProjects\\simple-blog\\vendor\\laravel\\framework\\src\\Illuminate\\View\\Factory.php(160): Illuminate\\View\\Factory->viewInstance()
#12 C:\\Users\\edgar\\PhpstormProjects\\simple-blog\\vendor\\laravel\\framework\\src\\Illuminate\\Routing\\ResponseFactory.php(88): Illuminate\\View\\Factory->make()
#13 C:\\Users\\edgar\\PhpstormProjects\\simple-blog\\vendor\\laravel\\framework\\src\\Illuminate\\Foundation\\Exceptions\\Handler.php(891): Illuminate\\Routing\\ResponseFactory->view()
#14 C:\\Users\\edgar\\PhpstormProjects\\simple-blog\\vendor\\laravel\\framework\\src\\Illuminate\\Foundation\\Exceptions\\Handler.php(812): Illuminate\\Foundation\\Exceptions\\Handler->renderHttpException()
#15 C:\\Users\\edgar\\PhpstormProjects\\simple-blog\\vendor\\laravel\\framework\\src\\Illuminate\\Foundation\\Exceptions\\Handler.php(703): Illuminate\\Foundation\\Exceptions\\Handler->prepareResponse()
#16 C:\\Users\\edgar\\PhpstormProjects\\simple-blog\\vendor\\laravel\\framework\\src\\Illuminate\\Foundation\\Exceptions\\Handler.php(592): Illuminate\\Foundation\\Exceptions\\Handler->renderExceptionResponse()
#17 C:\\Users\\edgar\\PhpstormProjects\\simple-blog\\vendor\\laravel\\framework\\src\\Illuminate\\Routing\\Pipeline.php(51): Illuminate\\Foundation\\Exceptions\\Handler->render()
#18 C:\\Users\\edgar\\PhpstormProjects\\simple-blog\\vendor\\laravel\\framework\\src\\Illuminate\\Pipeline\\Pipeline.php(188): Illuminate\\Routing\\Pipeline->handleException()
#19 C:\\Users\\edgar\\PhpstormProjects\\simple-blog\\vendor\\laravel\\framework\\src\\Illuminate\\Pipeline\\Pipeline.php(119): Illuminate\\Pipeline\\Pipeline->Illuminate\\Pipeline\\{closure}()
#20 C:\\Users\\edgar\\PhpstormProjects\\simple-blog\\vendor\\laravel\\framework\\src\\Illuminate\\Routing\\Router.php(807): Illuminate\\Pipeline\\Pipeline->then()
#21 C:\\Users\\edgar\\PhpstormProjects\\simple-blog\\vendor\\laravel\\framework\\src\\Illuminate\\Routing\\Router.php(786): Illuminate\\Routing\\Router->runRouteWithinStack()
#22 C:\\Users\\edgar\\PhpstormProjects\\simple-blog\\vendor\\laravel\\framework\\src\\Illuminate\\Routing\\Router.php(750): Illuminate\\Routing\\Router->runRoute()
#23 C:\\Users\\edgar\\PhpstormProjects\\simple-blog\\vendor\\laravel\\framework\\src\\Illuminate\\Routing\\Router.php(739): Illuminate\\Routing\\Router->dispatchToRoute()
#24 C:\\Users\\edgar\\PhpstormProjects\\simple-blog\\vendor\\laravel\\framework\\src\\Illuminate\\Foundation\\Http\\Kernel.php(201): Illuminate\\Routing\\Router->dispatch()
#25 C:\\Users\\edgar\\PhpstormProjects\\simple-blog\\vendor\\laravel\\framework\\src\\Illuminate\\Pipeline\\Pipeline.php(144): Illuminate\\Foundation\\Http\\Kernel->Illuminate\\Foundation\\Http\\{closure}()
#26 C:\\Users\\edgar\\PhpstormProjects\\simple-blog\\vendor\\laravel\\framework\\src\\Illuminate\\Foundation\\Http\\Middleware\\TransformsRequest.php(21): Illuminate\\Pipeline\\Pipeline->Illuminate\\Pipeline\\{closure}()
#27 C:\\Users\\edgar\\PhpstormProjects\\simple-blog\\vendor\\laravel\\framework\\src\\Illuminate\\Foundation\\Http\\Middleware\\ConvertEmptyStringsToNull.php(31): Illuminate\\Foundation\\Http\\Middleware\\TransformsRequest->handle()
#28 C:\\Users\\edgar\\PhpstormProjects\\simple-blog\\vendor\\laravel\\framework\\src\\Illuminate\\Pipeline\\Pipeline.php(183): Illuminate\\Foundation\\Http\\Middleware\\ConvertEmptyStringsToNull->handle()
#29 C:\\Users\\edgar\\PhpstormProjects\\simple-blog\\vendor\\laravel\\framework\\src\\Illuminate\\Foundation\\Http\\Middleware\\TransformsRequest.php(21): Illuminate\\Pipeline\\Pipeline->Illuminate\\Pipeline\\{closure}()
#30 C:\\Users\\edgar\\PhpstormProjects\\simple-blog\\vendor\\laravel\\framework\\src\\Illuminate\\Foundation\\Http\\Middleware\\TrimStrings.php(51): Illuminate\\Foundation\\Http\\Middleware\\TransformsRequest->handle()
#31 C:\\Users\\edgar\\PhpstormProjects\\simple-blog\\vendor\\laravel\\framework\\src\\Illuminate\\Pipeline\\Pipeline.php(183): Illuminate\\Foundation\\Http\\Middleware\\TrimStrings->handle()
#32 C:\\Users\\edgar\\PhpstormProjects\\simple-blog\\vendor\\laravel\\framework\\src\\Illuminate\\Http\\Middleware\\ValidatePostSize.php(27): Illuminate\\Pipeline\\Pipeline->Illuminate\\Pipeline\\{closure}()
#33 C:\\Users\\edgar\\PhpstormProjects\\simple-blog\\vendor\\laravel\\framework\\src\\Illuminate\\Pipeline\\Pipeline.php(183): Illuminate\\Http\\Middleware\\ValidatePostSize->handle()
#34 C:\\Users\\edgar\\PhpstormProjects\\simple-blog\\vendor\\laravel\\framework\\src\\Illuminate\\Foundation\\Http\\Middleware\\PreventRequestsDuringMaintenance.php(110): Illuminate\\Pipeline\\Pipeline->Illuminate\\Pipeline\\{closure}()
#35 C:\\Users\\edgar\\PhpstormProjects\\simple-blog\\vendor\\laravel\\framework\\src\\Illuminate\\Pipeline\\Pipeline.php(183): Illuminate\\Foundation\\Http\\Middleware\\PreventRequestsDuringMaintenance->handle()
#36 C:\\Users\\edgar\\PhpstormProjects\\simple-blog\\vendor\\laravel\\framework\\src\\Illuminate\\Http\\Middleware\\HandleCors.php(49): Illuminate\\Pipeline\\Pipeline->Illuminate\\Pipeline\\{closure}()
#37 C:\\Users\\edgar\\PhpstormProjects\\simple-blog\\vendor\\laravel\\framework\\src\\Illuminate\\Pipeline\\Pipeline.php(183): Illuminate\\Http\\Middleware\\HandleCors->handle()
#38 C:\\Users\\edgar\\PhpstormProjects\\simple-blog\\vendor\\laravel\\framework\\src\\Illuminate\\Http\\Middleware\\TrustProxies.php(57): Illuminate\\Pipeline\\Pipeline->Illuminate\\Pipeline\\{closure}()
#39 C:\\Users\\edgar\\PhpstormProjects\\simple-blog\\vendor\\laravel\\framework\\src\\Illuminate\\Pipeline\\Pipeline.php(183): Illuminate\\Http\\Middleware\\TrustProxies->handle()
#40 C:\\Users\\edgar\\PhpstormProjects\\simple-blog\\vendor\\laravel\\framework\\src\\Illuminate\\Pipeline\\Pipeline.php(119): Illuminate\\Pipeline\\Pipeline->Illuminate\\Pipeline\\{closure}()
#41 C:\\Users\\edgar\\PhpstormProjects\\simple-blog\\vendor\\laravel\\framework\\src\\Illuminate\\Foundation\\Http\\Kernel.php(176): Illuminate\\Pipeline\\Pipeline->then()
#42 C:\\Users\\edgar\\PhpstormProjects\\simple-blog\\vendor\\laravel\\framework\\src\\Illuminate\\Foundation\\Http\\Kernel.php(145): Illuminate\\Foundation\\Http\\Kernel->sendRequestThroughRouter()
#43 C:\\Users\\edgar\\PhpstormProjects\\simple-blog\\vendor\\laravel\\framework\\src\\Illuminate\\Foundation\\Application.php(1188): Illuminate\\Foundation\\Http\\Kernel->handle()
#44 C:\\Users\\edgar\\PhpstormProjects\\simple-blog\\public\\index.php(17): Illuminate\\Foundation\\Application->handleRequest()
#45 C:\\Users\\edgar\\PhpstormProjects\\simple-blog\\vendor\\laravel\\framework\\src\\Illuminate\\Foundation\\resources\\server.php(23): require_once('...')
#46 {main}
"} 
[2024-08-27 17:11:44] production.ERROR: No application encryption key has been specified. {"exception":"[object] (Illuminate\\Encryption\\MissingAppKeyException(code: 0): No application encryption key has been specified. at C:\\Users\\edgar\\PhpstormProjects\\simple-blog\\vendor\\laravel\\framework\\src\\Illuminate\\Encryption\\EncryptionServiceProvider.php:83)
[stacktrace]
#0 C:\\Users\\edgar\\PhpstormProjects\\simple-blog\\vendor\\laravel\\framework\\src\\Illuminate\\Support\\helpers.php(380): Illuminate\\Encryption\\EncryptionServiceProvider->Illuminate\\Encryption\\{closure}()
#1 C:\\Users\\edgar\\PhpstormProjects\\simple-blog\\vendor\\laravel\\framework\\src\\Illuminate\\Encryption\\EncryptionServiceProvider.php(81): tap()
#2 C:\\Users\\edgar\\PhpstormProjects\\simple-blog\\vendor\\laravel\\framework\\src\\Illuminate\\Encryption\\EncryptionServiceProvider.php(64): Illuminate\\Encryption\\EncryptionServiceProvider->key()
#3 C:\\Users\\edgar\\PhpstormProjects\\simple-blog\\vendor\\laravel\\framework\\src\\Illuminate\\Encryption\\EncryptionServiceProvider.php(32): Illuminate\\Encryption\\EncryptionServiceProvider->parseKey()
#4 C:\\Users\\edgar\\PhpstormProjects\\simple-blog\\vendor\\laravel\\framework\\src\\Illuminate\\Container\\Container.php(931): Illuminate\\Encryption\\EncryptionServiceProvider->Illuminate\\Encryption\\{closure}()
#5 C:\\Users\\edgar\\PhpstormProjects\\simple-blog\\vendor\\laravel\\framework\\src\\Illuminate\\Container\\Container.php(815): Illuminate\\Container\\Container->build()
#6 C:\\Users\\edgar\\PhpstormProjects\\simple-blog\\vendor\\laravel\\framework\\src\\Illuminate\\Foundation\\Application.php(1046): Illuminate\\Container\\Container->resolve()
#7 C:\\Users\\edgar\\PhpstormProjects\\simple-blog\\vendor\\laravel\\framework\\src\\Illuminate\\Container\\Container.php(751): Illuminate\\Foundation\\Application->resolve()
#8 C:\\Users\\edgar\\PhpstormProjects\\simple-blog\\vendor\\laravel\\framework\\src\\Illuminate\\Foundation\\Application.php(1028): Illuminate\\Container\\Container->make()
#9 C:\\Users\\edgar\\PhpstormProjects\\simple-blog\\vendor\\laravel\\framework\\src\\Illuminate\\Container\\Container.php(1108): Illuminate\\Foundation\\Application->make()
#10 C:\\Users\\edgar\\PhpstormProjects\\simple-blog\\vendor\\laravel\\framework\\src\\Illuminate\\Container\\Container.php(1022): Illuminate\\Container\\Container->resolveClass()
#11 C:\\Users\\edgar\\PhpstormProjects\\simple-blog\\vendor\\laravel\\framework\\src\\Illuminate\\Container\\Container.php(973): Illuminate\\Container\\Container->resolveDependencies()
#12 C:\\Users\\edgar\\PhpstormProjects\\simple-blog\\vendor\\laravel\\framework\\src\\Illuminate\\Container\\Container.php(815): Illuminate\\Container\\Container->build()
#13 C:\\Users\\edgar\\PhpstormProjects\\simple-blog\\vendor\\laravel\\framework\\src\\Illuminate\\Foundation\\Application.php(1046): Illuminate\\Container\\Container->resolve()
#14 C:\\Users\\edgar\\PhpstormProjects\\simple-blog\\vendor\\laravel\\framework\\src\\Illuminate\\Container\\Container.php(751): Illuminate\\Foundation\\Application->resolve()
#15 C:\\Users\\edgar\\PhpstormProjects\\simple-blog\\vendor\\laravel\\framework\\src\\Illuminate\\Foundation\\Application.php(1028): Illuminate\\Container\\Container->make()
#16 C:\\Users\\edgar\\PhpstormProjects\\simple-blog\\vendor\\laravel\\framework\\src\\Illuminate\\Foundation\\Http\\Kernel.php(258): Illuminate\\Foundation\\Application->make()
#17 C:\\Users\\edgar\\PhpstormProjects\\simple-blog\\vendor\\laravel\\framework\\src\\Illuminate\\Foundation\\Http\\Kernel.php(216): Illuminate\\Foundation\\Http\\Kernel->terminateMiddleware()
#18 C:\\Users\\edgar\\PhpstormProjects\\simple-blog\\vendor\\laravel\\framework\\src\\Illuminate\\Foundation\\Application.php(1190): Illuminate\\Foundation\\Http\\Kernel->terminate()
#19 C:\\Users\\edgar\\PhpstormProjects\\simple-blog\\public\\index.php(17): Illuminate\\Foundation\\Application->handleRequest()
#20 C:\\Users\\edgar\\PhpstormProjects\\simple-blog\\vendor\\laravel\\framework\\src\\Illuminate\\Foundation\\resources\\server.php(23): require_once('...')
#21 {main}
"} 
[2024-08-27 17:11:44] production.ERROR: Please provide a valid cache path. {"exception":"[object] (InvalidArgumentException(code: 0): Please provide a valid cache path. at C:\\Users\\edgar\\PhpstormProjects\\simple-blog\\vendor\\laravel\\framework\\src\\Illuminate\\View\\Compilers\\Compiler.php:67)
[stacktrace]
#0 C:\\Users\\edgar\\PhpstormProjects\\simple-blog\\vendor\\laravel\\framework\\src\\Illuminate\\View\\ViewServiceProvider.php(97): Illuminate\\View\\Compilers\\Compiler->__construct()
#1 C:\\Users\\edgar\\PhpstormProjects\\simple-blog\\vendor\\laravel\\framework\\src\\Illuminate\\Container\\Container.php(931): Illuminate\\View\\ViewServiceProvider->Illuminate\\View\\{closure}()
#2 C:\\Users\\edgar\\PhpstormProjects\\simple-blog\\vendor\\laravel\\framework\\src\\Illuminate\\Container\\Container.php(815): Illuminate\\Container\\Container->build()
#3 C:\\Users\\edgar\\PhpstormProjects\\simple-blog\\vendor\\laravel\\framework\\src\\Illuminate\\Foundation\\Application.php(1046): Illuminate\\Container\\Container->resolve()
#4 C:\\Users\\edgar\\PhpstormProjects\\simple-blog\\vendor\\laravel\\framework\\src\\Illuminate\\Container\\Container.php(751): Illuminate\\Foundation\\Application->resolve()
#5 C:\\Users\\edgar\\PhpstormProjects\\simple-blog\\vendor\\laravel\\framework\\src\\Illuminate\\Foundation\\Application.php(1028): Illuminate\\Container\\Container->make()
#6 C:\\Users\\edgar\\PhpstormProjects\\simple-blog\\vendor\\laravel\\framework\\src\\Illuminate\\View\\ViewServiceProvider.php(168): Illuminate\\Foundation\\Application->make()
#7 [internal function]: Illuminate\\View\\ViewServiceProvider->Illuminate\\View\\{closure}()
#8 C:\\Users\\edgar\\PhpstormProjects\\simple-blog\\vendor\\laravel\\framework\\src\\Illuminate\\View\\Engines\\EngineResolver.php(55): call_user_func()
#9 C:\\Users\\edgar\\PhpstormProjects\\simple-blog\\vendor\\laravel\\framework\\src\\Illuminate\\View\\Factory.php(319): Illuminate\\View\\Engines\\EngineResolver->resolve()
#10 C:\\Users\\edgar\\PhpstormProjects\\simple-blog\\vendor\\laravel\\framework\\src\\Illuminate\\View\\Factory.php(288): Illuminate\\View\\Factory->getEngineFromPath()
#11 C:\\Users\\edgar\\PhpstormProjects\\simple-blog\\vendor\\laravel\\framework\\src\\Illuminate\\View\\Factory.php(160): Illuminate\\View\\Factory->viewInstance()
#12 C:\\Users\\edgar\\PhpstormProjects\\simple-blog\\vendor\\laravel\\framework\\src\\Illuminate\\Routing\\ResponseFactory.php(88): Illuminate\\View\\Factory->make()
#13 C:\\Users\\edgar\\PhpstormProjects\\simple-blog\\vendor\\laravel\\framework\\src\\Illuminate\\Foundation\\Exceptions\\Handler.php(891): Illuminate\\Routing\\ResponseFactory->view()
#14 C:\\Users\\edgar\\PhpstormProjects\\simple-blog\\vendor\\laravel\\framework\\src\\Illuminate\\Foundation\\Exceptions\\Handler.php(812): Illuminate\\Foundation\\Exceptions\\Handler->renderHttpException()
#15 C:\\Users\\edgar\\PhpstormProjects\\simple-blog\\vendor\\laravel\\framework\\src\\Illuminate\\Foundation\\Exceptions\\Handler.php(703): Illuminate\\Foundation\\Exceptions\\Handler->prepareResponse()
#16 C:\\Users\\edgar\\PhpstormProjects\\simple-blog\\vendor\\laravel\\framework\\src\\Illuminate\\Foundation\\Exceptions\\Handler.php(592): Illuminate\\Foundation\\Exceptions\\Handler->renderExceptionResponse()
#17 C:\\Users\\edgar\\PhpstormProjects\\simple-blog\\vendor\\laravel\\framework\\src\\Illuminate\\Foundation\\Bootstrap\\HandleExceptions.php(219): Illuminate\\Foundation\\Exceptions\\Handler->render()
#18 C:\\Users\\edgar\\PhpstormProjects\\simple-blog\\vendor\\laravel\\framework\\src\\Illuminate\\Foundation\\Bootstrap\\HandleExceptions.php(196): Illuminate\\Foundation\\Bootstrap\\HandleExceptions->renderHttpResponse()
#19 C:\\Users\\edgar\\PhpstormProjects\\simple-blog\\vendor\\laravel\\framework\\src\\Illuminate\\Foundation\\Bootstrap\\HandleExceptions.php(256): Illuminate\\Foundation\\Bootstrap\\HandleExceptions->handleException()
#20 [internal function]: Illuminate\\Foundation\\Bootstrap\\HandleExceptions->Illuminate\\Foundation\\Bootstrap\\{closure}()
#21 {main}
"} 
[2024-08-27 17:12:33] production.ERROR: No application encryption key has been specified. {"exception":"[object] (Illuminate\\Encryption\\MissingAppKeyException(code: 0): No application encryption key has been specified. at C:\\Users\\edgar\\PhpstormProjects\\simple-blog\\vendor\\laravel\\framework\\src\\Illuminate\\Encryption\\EncryptionServiceProvider.php:83)
[stacktrace]
#0 C:\\Users\\edgar\\PhpstormProjects\\simple-blog\\vendor\\laravel\\framework\\src\\Illuminate\\Support\\helpers.php(380): Illuminate\\Encryption\\EncryptionServiceProvider->Illuminate\\Encryption\\{closure}()
#1 C:\\Users\\edgar\\PhpstormProjects\\simple-blog\\vendor\\laravel\\framework\\src\\Illuminate\\Encryption\\EncryptionServiceProvider.php(81): tap()
#2 C:\\Users\\edgar\\PhpstormProjects\\simple-blog\\vendor\\laravel\\framework\\src\\Illuminate\\Encryption\\EncryptionServiceProvider.php(64): Illuminate\\Encryption\\EncryptionServiceProvider->key()
#3 C:\\Users\\edgar\\PhpstormProjects\\simple-blog\\vendor\\laravel\\framework\\src\\Illuminate\\Encryption\\EncryptionServiceProvider.php(32): Illuminate\\Encryption\\EncryptionServiceProvider->parseKey()
#4 C:\\Users\\edgar\\PhpstormProjects\\simple-blog\\vendor\\laravel\\framework\\src\\Illuminate\\Container\\Container.php(931): Illuminate\\Encryption\\EncryptionServiceProvider->Illuminate\\Encryption\\{closure}()
#5 C:\\Users\\edgar\\PhpstormProjects\\simple-blog\\vendor\\laravel\\framework\\src\\Illuminate\\Container\\Container.php(815): Illuminate\\Container\\Container->build()
#6 C:\\Users\\edgar\\PhpstormProjects\\simple-blog\\vendor\\laravel\\framework\\src\\Illuminate\\Foundation\\Application.php(1046): Illuminate\\Container\\Container->resolve()
#7 C:\\Users\\edgar\\PhpstormProjects\\simple-blog\\vendor\\laravel\\framework\\src\\Illuminate\\Container\\Container.php(751): Illuminate\\Foundation\\Application->resolve()
#8 C:\\Users\\edgar\\PhpstormProjects\\simple-blog\\vendor\\laravel\\framework\\src\\Illuminate\\Foundation\\Application.php(1028): Illuminate\\Container\\Container->make()
#9 C:\\Users\\edgar\\PhpstormProjects\\simple-blog\\vendor\\laravel\\framework\\src\\Illuminate\\Container\\Container.php(1108): Illuminate\\Foundation\\Application->make()
#10 C:\\Users\\edgar\\PhpstormProjects\\simple-blog\\vendor\\laravel\\framework\\src\\Illuminate\\Container\\Container.php(1022): Illuminate\\Container\\Container->resolveClass()
#11 C:\\Users\\edgar\\PhpstormProjects\\simple-blog\\vendor\\laravel\\framework\\src\\Illuminate\\Container\\Container.php(973): Illuminate\\Container\\Container->resolveDependencies()
#12 C:\\Users\\edgar\\PhpstormProjects\\simple-blog\\vendor\\laravel\\framework\\src\\Illuminate\\Container\\Container.php(815): Illuminate\\Container\\Container->build()
#13 C:\\Users\\edgar\\PhpstormProjects\\simple-blog\\vendor\\laravel\\framework\\src\\Illuminate\\Foundation\\Application.php(1046): Illuminate\\Container\\Container->resolve()
#14 C:\\Users\\edgar\\PhpstormProjects\\simple-blog\\vendor\\laravel\\framework\\src\\Illuminate\\Container\\Container.php(751): Illuminate\\Foundation\\Application->resolve()
#15 C:\\Users\\edgar\\PhpstormProjects\\simple-blog\\vendor\\laravel\\framework\\src\\Illuminate\\Foundation\\Application.php(1028): Illuminate\\Container\\Container->make()
#16 C:\\Users\\edgar\\PhpstormProjects\\simple-blog\\vendor\\laravel\\framework\\src\\Illuminate\\Pipeline\\Pipeline.php(172): Illuminate\\Foundation\\Application->make()
#17 C:\\Users\\edgar\\PhpstormProjects\\simple-blog\\vendor\\laravel\\framework\\src\\Illuminate\\Pipeline\\Pipeline.php(119): Illuminate\\Pipeline\\Pipeline->Illuminate\\Pipeline\\{closure}()
#18 C:\\Users\\edgar\\PhpstormProjects\\simple-blog\\vendor\\laravel\\framework\\src\\Illuminate\\Routing\\Router.php(807): Illuminate\\Pipeline\\Pipeline->then()
#19 C:\\Users\\edgar\\PhpstormProjects\\simple-blog\\vendor\\laravel\\framework\\src\\Illuminate\\Routing\\Router.php(786): Illuminate\\Routing\\Router->runRouteWithinStack()
#20 C:\\Users\\edgar\\PhpstormProjects\\simple-blog\\vendor\\laravel\\framework\\src\\Illuminate\\Routing\\Router.php(750): Illuminate\\Routing\\Router->runRoute()
#21 C:\\Users\\edgar\\PhpstormProjects\\simple-blog\\vendor\\laravel\\framework\\src\\Illuminate\\Routing\\Router.php(739): Illuminate\\Routing\\Router->dispatchToRoute()
#22 C:\\Users\\edgar\\PhpstormProjects\\simple-blog\\vendor\\laravel\\framework\\src\\Illuminate\\Foundation\\Http\\Kernel.php(201): Illuminate\\Routing\\Router->dispatch()
#23 C:\\Users\\edgar\\PhpstormProjects\\simple-blog\\vendor\\laravel\\framework\\src\\Illuminate\\Pipeline\\Pipeline.php(144): Illuminate\\Foundation\\Http\\Kernel->Illuminate\\Foundation\\Http\\{closure}()
#24 C:\\Users\\edgar\\PhpstormProjects\\simple-blog\\vendor\\laravel\\framework\\src\\Illuminate\\Foundation\\Http\\Middleware\\TransformsRequest.php(21): Illuminate\\Pipeline\\Pipeline->Illuminate\\Pipeline\\{closure}()
#25 C:\\Users\\edgar\\PhpstormProjects\\simple-blog\\vendor\\laravel\\framework\\src\\Illuminate\\Foundation\\Http\\Middleware\\ConvertEmptyStringsToNull.php(31): Illuminate\\Foundation\\Http\\Middleware\\TransformsRequest->handle()
#26 C:\\Users\\edgar\\PhpstormProjects\\simple-blog\\vendor\\laravel\\framework\\src\\Illuminate\\Pipeline\\Pipeline.php(183): Illuminate\\Foundation\\Http\\Middleware\\ConvertEmptyStringsToNull->handle()
#27 C:\\Users\\edgar\\PhpstormProjects\\simple-blog\\vendor\\laravel\\framework\\src\\Illuminate\\Foundation\\Http\\Middleware\\TransformsRequest.php(21): Illuminate\\Pipeline\\Pipeline->Illuminate\\Pipeline\\{closure}()
#28 C:\\Users\\edgar\\PhpstormProjects\\simple-blog\\vendor\\laravel\\framework\\src\\Illuminate\\Foundation\\Http\\Middleware\\TrimStrings.php(51): Illuminate\\Foundation\\Http\\Middleware\\TransformsRequest->handle()
#29 C:\\Users\\edgar\\PhpstormProjects\\simple-blog\\vendor\\laravel\\framework\\src\\Illuminate\\Pipeline\\Pipeline.php(183): Illuminate\\Foundation\\Http\\Middleware\\TrimStrings->handle()
#30 C:\\Users\\edgar\\PhpstormProjects\\simple-blog\\vendor\\laravel\\framework\\src\\Illuminate\\Http\\Middleware\\ValidatePostSize.php(27): Illuminate\\Pipeline\\Pipeline->Illuminate\\Pipeline\\{closure}()
#31 C:\\Users\\edgar\\PhpstormProjects\\simple-blog\\vendor\\laravel\\framework\\src\\Illuminate\\Pipeline\\Pipeline.php(183): Illuminate\\Http\\Middleware\\ValidatePostSize->handle()
#32 C:\\Users\\edgar\\PhpstormProjects\\simple-blog\\vendor\\laravel\\framework\\src\\Illuminate\\Foundation\\Http\\Middleware\\PreventRequestsDuringMaintenance.php(110): Illuminate\\Pipeline\\Pipeline->Illuminate\\Pipeline\\{closure}()
#33 C:\\Users\\edgar\\PhpstormProjects\\simple-blog\\vendor\\laravel\\framework\\src\\Illuminate\\Pipeline\\Pipeline.php(183): Illuminate\\Foundation\\Http\\Middleware\\PreventRequestsDuringMaintenance->handle()
#34 C:\\Users\\edgar\\PhpstormProjects\\simple-blog\\vendor\\laravel\\framework\\src\\Illuminate\\Http\\Middleware\\HandleCors.php(49): Illuminate\\Pipeline\\Pipeline->Illuminate\\Pipeline\\{closure}()
#35 C:\\Users\\edgar\\PhpstormProjects\\simple-blog\\vendor\\laravel\\framework\\src\\Illuminate\\Pipeline\\Pipeline.php(183): Illuminate\\Http\\Middleware\\HandleCors->handle()
#36 C:\\Users\\edgar\\PhpstormProjects\\simple-blog\\vendor\\laravel\\framework\\src\\Illuminate\\Http\\Middleware\\TrustProxies.php(57): Illuminate\\Pipeline\\Pipeline->Illuminate\\Pipeline\\{closure}()
#37 C:\\Users\\edgar\\PhpstormProjects\\simple-blog\\vendor\\laravel\\framework\\src\\Illuminate\\Pipeline\\Pipeline.php(183): Illuminate\\Http\\Middleware\\TrustProxies->handle()
#38 C:\\Users\\edgar\\PhpstormProjects\\simple-blog\\vendor\\laravel\\framework\\src\\Illuminate\\Pipeline\\Pipeline.php(119): Illuminate\\Pipeline\\Pipeline->Illuminate\\Pipeline\\{closure}()
#39 C:\\Users\\edgar\\PhpstormProjects\\simple-blog\\vendor\\laravel\\framework\\src\\Illuminate\\Foundation\\Http\\Kernel.php(176): Illuminate\\Pipeline\\Pipeline->then()
#40 C:\\Users\\edgar\\PhpstormProjects\\simple-blog\\vendor\\laravel\\framework\\src\\Illuminate\\Foundation\\Http\\Kernel.php(145): Illuminate\\Foundation\\Http\\Kernel->sendRequestThroughRouter()
#41 C:\\Users\\edgar\\PhpstormProjects\\simple-blog\\vendor\\laravel\\framework\\src\\Illuminate\\Foundation\\Application.php(1188): Illuminate\\Foundation\\Http\\Kernel->handle()
#42 C:\\Users\\edgar\\PhpstormProjects\\simple-blog\\public\\index.php(17): Illuminate\\Foundation\\Application->handleRequest()
#43 C:\\Users\\edgar\\PhpstormProjects\\simple-blog\\vendor\\laravel\\framework\\src\\Illuminate\\Foundation\\resources\\server.php(23): require_once('...')
#44 {main}
"} 
[2024-08-27 17:12:33] production.ERROR: Please provide a valid cache path. {"exception":"[object] (InvalidArgumentException(code: 0): Please provide a valid cache path. at C:\\Users\\edgar\\PhpstormProjects\\simple-blog\\vendor\\laravel\\framework\\src\\Illuminate\\View\\Compilers\\Compiler.php:67)
[stacktrace]
#0 C:\\Users\\edgar\\PhpstormProjects\\simple-blog\\vendor\\laravel\\framework\\src\\Illuminate\\View\\ViewServiceProvider.php(97): Illuminate\\View\\Compilers\\Compiler->__construct()
#1 C:\\Users\\edgar\\PhpstormProjects\\simple-blog\\vendor\\laravel\\framework\\src\\Illuminate\\Container\\Container.php(931): Illuminate\\View\\ViewServiceProvider->Illuminate\\View\\{closure}()
#2 C:\\Users\\edgar\\PhpstormProjects\\simple-blog\\vendor\\laravel\\framework\\src\\Illuminate\\Container\\Container.php(815): Illuminate\\Container\\Container->build()
#3 C:\\Users\\edgar\\PhpstormProjects\\simple-blog\\vendor\\laravel\\framework\\src\\Illuminate\\Foundation\\Application.php(1046): Illuminate\\Container\\Container->resolve()
#4 C:\\Users\\edgar\\PhpstormProjects\\simple-blog\\vendor\\laravel\\framework\\src\\Illuminate\\Container\\Container.php(751): Illuminate\\Foundation\\Application->resolve()
#5 C:\\Users\\edgar\\PhpstormProjects\\simple-blog\\vendor\\laravel\\framework\\src\\Illuminate\\Foundation\\Application.php(1028): Illuminate\\Container\\Container->make()
#6 C:\\Users\\edgar\\PhpstormProjects\\simple-blog\\vendor\\laravel\\framework\\src\\Illuminate\\View\\ViewServiceProvider.php(168): Illuminate\\Foundation\\Application->make()
#7 [internal function]: Illuminate\\View\\ViewServiceProvider->Illuminate\\View\\{closure}()
#8 C:\\Users\\edgar\\PhpstormProjects\\simple-blog\\vendor\\laravel\\framework\\src\\Illuminate\\View\\Engines\\EngineResolver.php(55): call_user_func()
#9 C:\\Users\\edgar\\PhpstormProjects\\simple-blog\\vendor\\laravel\\framework\\src\\Illuminate\\View\\Factory.php(326): Illuminate\\View\\Engines\\EngineResolver->resolve()
#10 C:\\Users\\edgar\\PhpstormProjects\\simple-blog\\vendor\\laravel\\framework\\src\\Illuminate\\View\\Factory.php(288): Illuminate\\View\\Factory->getEngineFromPath()
#11 C:\\Users\\edgar\\PhpstormProjects\\simple-blog\\vendor\\laravel\\framework\\src\\Illuminate\\View\\Factory.php(160): Illuminate\\View\\Factory->viewInstance()
#12 C:\\Users\\edgar\\PhpstormProjects\\simple-blog\\vendor\\laravel\\framework\\src\\Illuminate\\Routing\\ResponseFactory.php(88): Illuminate\\View\\Factory->make()
#13 C:\\Users\\edgar\\PhpstormProjects\\simple-blog\\vendor\\laravel\\framework\\src\\Illuminate\\Foundation\\Exceptions\\Handler.php(891): Illuminate\\Routing\\ResponseFactory->view()
#14 C:\\Users\\edgar\\PhpstormProjects\\simple-blog\\vendor\\laravel\\framework\\src\\Illuminate\\Foundation\\Exceptions\\Handler.php(812): Illuminate\\Foundation\\Exceptions\\Handler->renderHttpException()
#15 C:\\Users\\edgar\\PhpstormProjects\\simple-blog\\vendor\\laravel\\framework\\src\\Illuminate\\Foundation\\Exceptions\\Handler.php(703): Illuminate\\Foundation\\Exceptions\\Handler->prepareResponse()
#16 C:\\Users\\edgar\\PhpstormProjects\\simple-blog\\vendor\\laravel\\framework\\src\\Illuminate\\Foundation\\Exceptions\\Handler.php(592): Illuminate\\Foundation\\Exceptions\\Handler->renderExceptionResponse()
#17 C:\\Users\\edgar\\PhpstormProjects\\simple-blog\\vendor\\laravel\\framework\\src\\Illuminate\\Routing\\Pipeline.php(51): Illuminate\\Foundation\\Exceptions\\Handler->render()
#18 C:\\Users\\edgar\\PhpstormProjects\\simple-blog\\vendor\\laravel\\framework\\src\\Illuminate\\Pipeline\\Pipeline.php(188): Illuminate\\Routing\\Pipeline->handleException()
#19 C:\\Users\\edgar\\PhpstormProjects\\simple-blog\\vendor\\laravel\\framework\\src\\Illuminate\\Pipeline\\Pipeline.php(119): Illuminate\\Pipeline\\Pipeline->Illuminate\\Pipeline\\{closure}()
#20 C:\\Users\\edgar\\PhpstormProjects\\simple-blog\\vendor\\laravel\\framework\\src\\Illuminate\\Routing\\Router.php(807): Illuminate\\Pipeline\\Pipeline->then()
#21 C:\\Users\\edgar\\PhpstormProjects\\simple-blog\\vendor\\laravel\\framework\\src\\Illuminate\\Routing\\Router.php(786): Illuminate\\Routing\\Router->runRouteWithinStack()
#22 C:\\Users\\edgar\\PhpstormProjects\\simple-blog\\vendor\\laravel\\framework\\src\\Illuminate\\Routing\\Router.php(750): Illuminate\\Routing\\Router->runRoute()
#23 C:\\Users\\edgar\\PhpstormProjects\\simple-blog\\vendor\\laravel\\framework\\src\\Illuminate\\Routing\\Router.php(739): Illuminate\\Routing\\Router->dispatchToRoute()
#24 C:\\Users\\edgar\\PhpstormProjects\\simple-blog\\vendor\\laravel\\framework\\src\\Illuminate\\Foundation\\Http\\Kernel.php(201): Illuminate\\Routing\\Router->dispatch()
#25 C:\\Users\\edgar\\PhpstormProjects\\simple-blog\\vendor\\laravel\\framework\\src\\Illuminate\\Pipeline\\Pipeline.php(144): Illuminate\\Foundation\\Http\\Kernel->Illuminate\\Foundation\\Http\\{closure}()
#26 C:\\Users\\edgar\\PhpstormProjects\\simple-blog\\vendor\\laravel\\framework\\src\\Illuminate\\Foundation\\Http\\Middleware\\TransformsRequest.php(21): Illuminate\\Pipeline\\Pipeline->Illuminate\\Pipeline\\{closure}()
#27 C:\\Users\\edgar\\PhpstormProjects\\simple-blog\\vendor\\laravel\\framework\\src\\Illuminate\\Foundation\\Http\\Middleware\\ConvertEmptyStringsToNull.php(31): Illuminate\\Foundation\\Http\\Middleware\\TransformsRequest->handle()
#28 C:\\Users\\edgar\\PhpstormProjects\\simple-blog\\vendor\\laravel\\framework\\src\\Illuminate\\Pipeline\\Pipeline.php(183): Illuminate\\Foundation\\Http\\Middleware\\ConvertEmptyStringsToNull->handle()
#29 C:\\Users\\edgar\\PhpstormProjects\\simple-blog\\vendor\\laravel\\framework\\src\\Illuminate\\Foundation\\Http\\Middleware\\TransformsRequest.php(21): Illuminate\\Pipeline\\Pipeline->Illuminate\\Pipeline\\{closure}()
#30 C:\\Users\\edgar\\PhpstormProjects\\simple-blog\\vendor\\laravel\\framework\\src\\Illuminate\\Foundation\\Http\\Middleware\\TrimStrings.php(51): Illuminate\\Foundation\\Http\\Middleware\\TransformsRequest->handle()
#31 C:\\Users\\edgar\\PhpstormProjects\\simple-blog\\vendor\\laravel\\framework\\src\\Illuminate\\Pipeline\\Pipeline.php(183): Illuminate\\Foundation\\Http\\Middleware\\TrimStrings->handle()
#32 C:\\Users\\edgar\\PhpstormProjects\\simple-blog\\vendor\\laravel\\framework\\src\\Illuminate\\Http\\Middleware\\ValidatePostSize.php(27): Illuminate\\Pipeline\\Pipeline->Illuminate\\Pipeline\\{closure}()
#33 C:\\Users\\edgar\\PhpstormProjects\\simple-blog\\vendor\\laravel\\framework\\src\\Illuminate\\Pipeline\\Pipeline.php(183): Illuminate\\Http\\Middleware\\ValidatePostSize->handle()
#34 C:\\Users\\edgar\\PhpstormProjects\\simple-blog\\vendor\\laravel\\framework\\src\\Illuminate\\Foundation\\Http\\Middleware\\PreventRequestsDuringMaintenance.php(110): Illuminate\\Pipeline\\Pipeline->Illuminate\\Pipeline\\{closure}()
#35 C:\\Users\\edgar\\PhpstormProjects\\simple-blog\\vendor\\laravel\\framework\\src\\Illuminate\\Pipeline\\Pipeline.php(183): Illuminate\\Foundation\\Http\\Middleware\\PreventRequestsDuringMaintenance->handle()
#36 C:\\Users\\edgar\\PhpstormProjects\\simple-blog\\vendor\\laravel\\framework\\src\\Illuminate\\Http\\Middleware\\HandleCors.php(49): Illuminate\\Pipeline\\Pipeline->Illuminate\\Pipeline\\{closure}()
#37 C:\\Users\\edgar\\PhpstormProjects\\simple-blog\\vendor\\laravel\\framework\\src\\Illuminate\\Pipeline\\Pipeline.php(183): Illuminate\\Http\\Middleware\\HandleCors->handle()
#38 C:\\Users\\edgar\\PhpstormProjects\\simple-blog\\vendor\\laravel\\framework\\src\\Illuminate\\Http\\Middleware\\TrustProxies.php(57): Illuminate\\Pipeline\\Pipeline->Illuminate\\Pipeline\\{closure}()
#39 C:\\Users\\edgar\\PhpstormProjects\\simple-blog\\vendor\\laravel\\framework\\src\\Illuminate\\Pipeline\\Pipeline.php(183): Illuminate\\Http\\Middleware\\TrustProxies->handle()
#40 C:\\Users\\edgar\\PhpstormProjects\\simple-blog\\vendor\\laravel\\framework\\src\\Illuminate\\Pipeline\\Pipeline.php(119): Illuminate\\Pipeline\\Pipeline->Illuminate\\Pipeline\\{closure}()
#41 C:\\Users\\edgar\\PhpstormProjects\\simple-blog\\vendor\\laravel\\framework\\src\\Illuminate\\Foundation\\Http\\Kernel.php(176): Illuminate\\Pipeline\\Pipeline->then()
#42 C:\\Users\\edgar\\PhpstormProjects\\simple-blog\\vendor\\laravel\\framework\\src\\Illuminate\\Foundation\\Http\\Kernel.php(145): Illuminate\\Foundation\\Http\\Kernel->sendRequestThroughRouter()
#43 C:\\Users\\edgar\\PhpstormProjects\\simple-blog\\vendor\\laravel\\framework\\src\\Illuminate\\Foundation\\Application.php(1188): Illuminate\\Foundation\\Http\\Kernel->handle()
#44 C:\\Users\\edgar\\PhpstormProjects\\simple-blog\\public\\index.php(17): Illuminate\\Foundation\\Application->handleRequest()
#45 C:\\Users\\edgar\\PhpstormProjects\\simple-blog\\vendor\\laravel\\framework\\src\\Illuminate\\Foundation\\resources\\server.php(23): require_once('...')
#46 {main}
"} 
[2024-08-27 17:12:33] production.ERROR: No application encryption key has been specified. {"exception":"[object] (Illuminate\\Encryption\\MissingAppKeyException(code: 0): No application encryption key has been specified. at C:\\Users\\edgar\\PhpstormProjects\\simple-blog\\vendor\\laravel\\framework\\src\\Illuminate\\Encryption\\EncryptionServiceProvider.php:83)
[stacktrace]
#0 C:\\Users\\edgar\\PhpstormProjects\\simple-blog\\vendor\\laravel\\framework\\src\\Illuminate\\Support\\helpers.php(380): Illuminate\\Encryption\\EncryptionServiceProvider->Illuminate\\Encryption\\{closure}()
#1 C:\\Users\\edgar\\PhpstormProjects\\simple-blog\\vendor\\laravel\\framework\\src\\Illuminate\\Encryption\\EncryptionServiceProvider.php(81): tap()
#2 C:\\Users\\edgar\\PhpstormProjects\\simple-blog\\vendor\\laravel\\framework\\src\\Illuminate\\Encryption\\EncryptionServiceProvider.php(64): Illuminate\\Encryption\\EncryptionServiceProvider->key()
#3 C:\\Users\\edgar\\PhpstormProjects\\simple-blog\\vendor\\laravel\\framework\\src\\Illuminate\\Encryption\\EncryptionServiceProvider.php(32): Illuminate\\Encryption\\EncryptionServiceProvider->parseKey()
#4 C:\\Users\\edgar\\PhpstormProjects\\simple-blog\\vendor\\laravel\\framework\\src\\Illuminate\\Container\\Container.php(931): Illuminate\\Encryption\\EncryptionServiceProvider->Illuminate\\Encryption\\{closure}()
#5 C:\\Users\\edgar\\PhpstormProjects\\simple-blog\\vendor\\laravel\\framework\\src\\Illuminate\\Container\\Container.php(815): Illuminate\\Container\\Container->build()
#6 C:\\Users\\edgar\\PhpstormProjects\\simple-blog\\vendor\\laravel\\framework\\src\\Illuminate\\Foundation\\Application.php(1046): Illuminate\\Container\\Container->resolve()
#7 C:\\Users\\edgar\\PhpstormProjects\\simple-blog\\vendor\\laravel\\framework\\src\\Illuminate\\Container\\Container.php(751): Illuminate\\Foundation\\Application->resolve()
#8 C:\\Users\\edgar\\PhpstormProjects\\simple-blog\\vendor\\laravel\\framework\\src\\Illuminate\\Foundation\\Application.php(1028): Illuminate\\Container\\Container->make()
#9 C:\\Users\\edgar\\PhpstormProjects\\simple-blog\\vendor\\laravel\\framework\\src\\Illuminate\\Container\\Container.php(1108): Illuminate\\Foundation\\Application->make()
#10 C:\\Users\\edgar\\PhpstormProjects\\simple-blog\\vendor\\laravel\\framework\\src\\Illuminate\\Container\\Container.php(1022): Illuminate\\Container\\Container->resolveClass()
#11 C:\\Users\\edgar\\PhpstormProjects\\simple-blog\\vendor\\laravel\\framework\\src\\Illuminate\\Container\\Container.php(973): Illuminate\\Container\\Container->resolveDependencies()
#12 C:\\Users\\edgar\\PhpstormProjects\\simple-blog\\vendor\\laravel\\framework\\src\\Illuminate\\Container\\Container.php(815): Illuminate\\Container\\Container->build()
#13 C:\\Users\\edgar\\PhpstormProjects\\simple-blog\\vendor\\laravel\\framework\\src\\Illuminate\\Foundation\\Application.php(1046): Illuminate\\Container\\Container->resolve()
#14 C:\\Users\\edgar\\PhpstormProjects\\simple-blog\\vendor\\laravel\\framework\\src\\Illuminate\\Container\\Container.php(751): Illuminate\\Foundation\\Application->resolve()
#15 C:\\Users\\edgar\\PhpstormProjects\\simple-blog\\vendor\\laravel\\framework\\src\\Illuminate\\Foundation\\Application.php(1028): Illuminate\\Container\\Container->make()
#16 C:\\Users\\edgar\\PhpstormProjects\\simple-blog\\vendor\\laravel\\framework\\src\\Illuminate\\Foundation\\Http\\Kernel.php(258): Illuminate\\Foundation\\Application->make()
#17 C:\\Users\\edgar\\PhpstormProjects\\simple-blog\\vendor\\laravel\\framework\\src\\Illuminate\\Foundation\\Http\\Kernel.php(216): Illuminate\\Foundation\\Http\\Kernel->terminateMiddleware()
#18 C:\\Users\\edgar\\PhpstormProjects\\simple-blog\\vendor\\laravel\\framework\\src\\Illuminate\\Foundation\\Application.php(1190): Illuminate\\Foundation\\Http\\Kernel->terminate()
#19 C:\\Users\\edgar\\PhpstormProjects\\simple-blog\\public\\index.php(17): Illuminate\\Foundation\\Application->handleRequest()
#20 C:\\Users\\edgar\\PhpstormProjects\\simple-blog\\vendor\\laravel\\framework\\src\\Illuminate\\Foundation\\resources\\server.php(23): require_once('...')
#21 {main}
"} 
[2024-08-27 17:12:33] production.ERROR: Please provide a valid cache path. {"exception":"[object] (InvalidArgumentException(code: 0): Please provide a valid cache path. at C:\\Users\\edgar\\PhpstormProjects\\simple-blog\\vendor\\laravel\\framework\\src\\Illuminate\\View\\Compilers\\Compiler.php:67)
[stacktrace]
#0 C:\\Users\\edgar\\PhpstormProjects\\simple-blog\\vendor\\laravel\\framework\\src\\Illuminate\\View\\ViewServiceProvider.php(97): Illuminate\\View\\Compilers\\Compiler->__construct()
#1 C:\\Users\\edgar\\PhpstormProjects\\simple-blog\\vendor\\laravel\\framework\\src\\Illuminate\\Container\\Container.php(931): Illuminate\\View\\ViewServiceProvider->Illuminate\\View\\{closure}()
#2 C:\\Users\\edgar\\PhpstormProjects\\simple-blog\\vendor\\laravel\\framework\\src\\Illuminate\\Container\\Container.php(815): Illuminate\\Container\\Container->build()
#3 C:\\Users\\edgar\\PhpstormProjects\\simple-blog\\vendor\\laravel\\framework\\src\\Illuminate\\Foundation\\Application.php(1046): Illuminate\\Container\\Container->resolve()
#4 C:\\Users\\edgar\\PhpstormProjects\\simple-blog\\vendor\\laravel\\framework\\src\\Illuminate\\Container\\Container.php(751): Illuminate\\Foundation\\Application->resolve()
#5 C:\\Users\\edgar\\PhpstormProjects\\simple-blog\\vendor\\laravel\\framework\\src\\Illuminate\\Foundation\\Application.php(1028): Illuminate\\Container\\Container->make()
#6 C:\\Users\\edgar\\PhpstormProjects\\simple-blog\\vendor\\laravel\\framework\\src\\Illuminate\\View\\ViewServiceProvider.php(168): Illuminate\\Foundation\\Application->make()
#7 [internal function]: Illuminate\\View\\ViewServiceProvider->Illuminate\\View\\{closure}()
#8 C:\\Users\\edgar\\PhpstormProjects\\simple-blog\\vendor\\laravel\\framework\\src\\Illuminate\\View\\Engines\\EngineResolver.php(55): call_user_func()
#9 C:\\Users\\edgar\\PhpstormProjects\\simple-blog\\vendor\\laravel\\framework\\src\\Illuminate\\View\\Factory.php(319): Illuminate\\View\\Engines\\EngineResolver->resolve()
#10 C:\\Users\\edgar\\PhpstormProjects\\simple-blog\\vendor\\laravel\\framework\\src\\Illuminate\\View\\Factory.php(288): Illuminate\\View\\Factory->getEngineFromPath()
#11 C:\\Users\\edgar\\PhpstormProjects\\simple-blog\\vendor\\laravel\\framework\\src\\Illuminate\\View\\Factory.php(160): Illuminate\\View\\Factory->viewInstance()
#12 C:\\Users\\edgar\\PhpstormProjects\\simple-blog\\vendor\\laravel\\framework\\src\\Illuminate\\Routing\\ResponseFactory.php(88): Illuminate\\View\\Factory->make()
#13 C:\\Users\\edgar\\PhpstormProjects\\simple-blog\\vendor\\laravel\\framework\\src\\Illuminate\\Foundation\\Exceptions\\Handler.php(891): Illuminate\\Routing\\ResponseFactory->view()
#14 C:\\Users\\edgar\\PhpstormProjects\\simple-blog\\vendor\\laravel\\framework\\src\\Illuminate\\Foundation\\Exceptions\\Handler.php(812): Illuminate\\Foundation\\Exceptions\\Handler->renderHttpException()
#15 C:\\Users\\edgar\\PhpstormProjects\\simple-blog\\vendor\\laravel\\framework\\src\\Illuminate\\Foundation\\Exceptions\\Handler.php(703): Illuminate\\Foundation\\Exceptions\\Handler->prepareResponse()
#16 C:\\Users\\edgar\\PhpstormProjects\\simple-blog\\vendor\\laravel\\framework\\src\\Illuminate\\Foundation\\Exceptions\\Handler.php(592): Illuminate\\Foundation\\Exceptions\\Handler->renderExceptionResponse()
#17 C:\\Users\\edgar\\PhpstormProjects\\simple-blog\\vendor\\laravel\\framework\\src\\Illuminate\\Foundation\\Bootstrap\\HandleExceptions.php(219): Illuminate\\Foundation\\Exceptions\\Handler->render()
#18 C:\\Users\\edgar\\PhpstormProjects\\simple-blog\\vendor\\laravel\\framework\\src\\Illuminate\\Foundation\\Bootstrap\\HandleExceptions.php(196): Illuminate\\Foundation\\Bootstrap\\HandleExceptions->renderHttpResponse()
#19 C:\\Users\\edgar\\PhpstormProjects\\simple-blog\\vendor\\laravel\\framework\\src\\Illuminate\\Foundation\\Bootstrap\\HandleExceptions.php(256): Illuminate\\Foundation\\Bootstrap\\HandleExceptions->handleException()
#20 [internal function]: Illuminate\\Foundation\\Bootstrap\\HandleExceptions->Illuminate\\Foundation\\Bootstrap\\{closure}()
#21 {main}
"} 
